# JRE version: OpenJDK Runtime Environment (8.0_242-b01) (build 1.8.0_242-release-1644-b01)
# Java VM: OpenJDK 64-Bit Server VM (25.242-b01 mixed mode windows-amd64 compressed oops)
Heap:
 PSYoungGen      total 561664K, used 158610K [0x00000000d5580000, 0x00000000fa300000, 0x0000000100000000)
  eden space 518656K, 28% used [0x00000000d5580000,0x00000000de709b88,0x00000000f5000000)
  from space 43008K, 22% used [0x00000000f7900000,0x00000000f825ad68,0x00000000fa300000)
  to   space 41984K, 0% used [0x00000000f5000000,0x00000000f5000000,0x00000000f7900000)
 ParOldGen       total 193536K, used 112069K [0x0000000080000000, 0x000000008bd00000, 0x00000000d5580000)
  object space 193536K, 57% used [0x0000000080000000,0x0000000086d714d0,0x000000008bd00000)
 Metaspace       used 107060K, capacity 112814K, committed 112984K, reserved 1146880K
  class space    used 14054K, capacity 15229K, committed 15232K, reserved 1048576K
GC Heap History (10 events):
Event: 160.274 GC heap before
{Heap before GC invocations=26 (full 4):
 PSYoungGen      total 338432K, used 332383K [0x00000000d5580000, 0x00000000f1000000, 0x0000000100000000)
  eden space 296448K, 100% used [0x00000000d5580000,0x00000000e7700000,0x00000000e7700000)
  from space 41984K, 85% used [0x00000000e7700000,0x00000000e9a17c20,0x00000000ea000000)
  to   space 46080K, 0% used [0x00000000ee300000,0x00000000ee300000,0x00000000f1000000)
 ParOldGen       total 193536K, used 67318K [0x0000000080000000, 0x000000008bd00000, 0x00000000d5580000)
  object space 193536K, 34% used [0x0000000080000000,0x00000000841bd9e0,0x000000008bd00000)
 Metaspace       used 106565K, capacity 112262K, committed 112472K, reserved 1146880K
  class space    used 14034K, capacity 15183K, committed 15232K, reserved 1048576K
Event: 160.342 GC heap after
Heap after GC invocations=26 (full 4):
 PSYoungGen      total 407040K, used 5440K [0x00000000d5580000, 0x00000000f1680000, 0x0000000100000000)
  eden space 360960K, 0% used [0x00000000d5580000,0x00000000d5580000,0x00000000eb600000)
  from space 46080K, 11% used [0x00000000ee300000,0x00000000ee850010,0x00000000f1000000)
  to   space 46080K, 0% used [0x00000000eb600000,0x00000000eb600000,0x00000000ee300000)
 ParOldGen       total 193536K, used 99152K [0x0000000080000000, 0x000000008bd00000, 0x00000000d5580000)
  object space 193536K, 51% used [0x0000000080000000,0x00000000860d4220,0x000000008bd00000)
 Metaspace       used 106565K, capacity 112262K, committed 112472K, reserved 1146880K
  class space    used 14034K, capacity 15183K, committed 15232K, reserved 1048576K
}
Event: 162.663 GC heap before
{Heap before GC invocations=27 (full 4):
 PSYoungGen      total 407040K, used 366400K [0x00000000d5580000, 0x00000000f1680000, 0x0000000100000000)
  eden space 360960K, 100% used [0x00000000d5580000,0x00000000eb600000,0x00000000eb600000)
  from space 46080K, 11% used [0x00000000ee300000,0x00000000ee850010,0x00000000f1000000)
  to   space 46080K, 0% used [0x00000000eb600000,0x00000000eb600000,0x00000000ee300000)
 ParOldGen       total 193536K, used 99152K [0x0000000080000000, 0x000000008bd00000, 0x00000000d5580000)
  object space 193536K, 51% used [0x0000000080000000,0x00000000860d4220,0x000000008bd00000)
 Metaspace       used 106646K, capacity 112346K, committed 112472K, reserved 1146880K
  class space    used 14041K, capacity 15185K, committed 15232K, reserved 1048576K
Event: 162.685 GC heap after
Heap after GC invocations=27 (full 4):
 PSYoungGen      total 407040K, used 4608K [0x00000000d5580000, 0x00000000f5f80000, 0x0000000100000000)
  eden space 360960K, 0% used [0x00000000d5580000,0x00000000d5580000,0x00000000eb600000)
  from space 46080K, 10% used [0x00000000eb600000,0x00000000eba80000,0x00000000ee300000)
  to   space 46080K, 0% used [0x00000000f3280000,0x00000000f3280000,0x00000000f5f80000)
 ParOldGen       total 193536K, used 103176K [0x0000000080000000, 0x000000008bd00000, 0x00000000d5580000)
  object space 193536K, 53% used [0x0000000080000000,0x00000000864c2270,0x000000008bd00000)
 Metaspace       used 106646K, capacity 112346K, committed 112472K, reserved 1146880K
  class space    used 14041K, capacity 15185K, committed 15232K, reserved 1048576K
}
Event: 164.017 GC heap before
{Heap before GC invocations=28 (full 4):
 PSYoungGen      total 407040K, used 365568K [0x00000000d5580000, 0x00000000f5f80000, 0x0000000100000000)
  eden space 360960K, 100% used [0x00000000d5580000,0x00000000eb600000,0x00000000eb600000)
  from space 46080K, 10% used [0x00000000eb600000,0x00000000eba80000,0x00000000ee300000)
  to   space 46080K, 0% used [0x00000000f3280000,0x00000000f3280000,0x00000000f5f80000)
 ParOldGen       total 193536K, used 103176K [0x0000000080000000, 0x000000008bd00000, 0x00000000d5580000)
  object space 193536K, 53% used [0x0000000080000000,0x00000000864c2270,0x000000008bd00000)
 Metaspace       used 106862K, capacity 112608K, committed 112728K, reserved 1146880K
  class space    used 14052K, capacity 15194K, committed 15232K, reserved 1048576K
Event: 164.046 GC heap after
Heap after GC invocations=28 (full 4):
 PSYoungGen      total 488960K, used 6459K [0x00000000d5580000, 0x00000000f5f00000, 0x0000000100000000)
  eden space 443392K, 0% used [0x00000000d5580000,0x00000000d5580000,0x00000000f0680000)
  from space 45568K, 14% used [0x00000000f3280000,0x00000000f38cecd8,0x00000000f5f00000)
  to   space 45056K, 0% used [0x00000000f0680000,0x00000000f0680000,0x00000000f3280000)
 ParOldGen       total 193536K, used 106487K [0x0000000080000000, 0x000000008bd00000, 0x00000000d5580000)
  object space 193536K, 55% used [0x0000000080000000,0x00000000867fdf70,0x000000008bd00000)
 Metaspace       used 106862K, capacity 112608K, committed 112728K, reserved 1146880K
  class space    used 14052K, capacity 15194K, committed 15232K, reserved 1048576K
}
Event: 168.249 GC heap before
{Heap before GC invocations=29 (full 4):
 PSYoungGen      total 488960K, used 449851K [0x00000000d5580000, 0x00000000f5f00000, 0x0000000100000000)
  eden space 443392K, 100% used [0x00000000d5580000,0x00000000f0680000,0x00000000f0680000)
  from space 45568K, 14% used [0x00000000f3280000,0x00000000f38cecd8,0x00000000f5f00000)
  to   space 45056K, 0% used [0x00000000f0680000,0x00000000f0680000,0x00000000f3280000)
 ParOldGen       total 193536K, used 106487K [0x0000000080000000, 0x000000008bd00000, 0x00000000d5580000)
  object space 193536K, 55% used [0x0000000080000000,0x00000000867fdf70,0x000000008bd00000)
 Metaspace       used 106975K, capacity 112720K, committed 112728K, reserved 1146880K
  class space    used 14053K, capacity 15226K, committed 15232K, reserved 1048576K
Event: 168.299 GC heap after
Heap after GC invocations=29 (full 4):
 PSYoungGen      total 488448K, used 5765K [0x00000000d5580000, 0x00000000fa400000, 0x0000000100000000)
  eden space 443392K, 0% used [0x00000000d5580000,0x00000000d5580000,0x00000000f0680000)
  from space 45056K, 12% used [0x00000000f0680000,0x00000000f0c21430,0x00000000f3280000)
  to   space 44032K, 0% used [0x00000000f7900000,0x00000000f7900000,0x00000000fa400000)
 ParOldGen       total 193536K, used 109455K [0x0000000080000000, 0x000000008bd00000, 0x00000000d5580000)
  object space 193536K, 56% used [0x0000000080000000,0x0000000086ae3c60,0x000000008bd00000)
 Metaspace       used 106975K, capacity 112720K, committed 112728K, reserved 1146880K
  class space    used 14053K, capacity 15226K, committed 15232K, reserved 1048576K
}
Event: 171.262 GC heap before
{Heap before GC invocations=30 (full 4):
 PSYoungGen      total 488448K, used 449157K [0x00000000d5580000, 0x00000000fa400000, 0x0000000100000000)
  eden space 443392K, 100% used [0x00000000d5580000,0x00000000f0680000,0x00000000f0680000)
  from space 45056K, 12% used [0x00000000f0680000,0x00000000f0c21430,0x00000000f3280000)
  to   space 44032K, 0% used [0x00000000f7900000,0x00000000f7900000,0x00000000fa400000)
 ParOldGen       total 193536K, used 109455K [0x0000000080000000, 0x000000008bd00000, 0x00000000d5580000)
  object space 193536K, 56% used [0x0000000080000000,0x0000000086ae3c60,0x000000008bd00000)
 Metaspace       used 107046K, capacity 112814K, committed 112984K, reserved 1146880K
  class space    used 14054K, capacity 15229K, committed 15232K, reserved 1048576K
Event: 171.336 GC heap after
Heap after GC invocations=30 (full 4):
 PSYoungGen      total 561664K, used 9579K [0x00000000d5580000, 0x00000000fa300000, 0x0000000100000000)
  eden space 518656K, 0% used [0x00000000d5580000,0x00000000d5580000,0x00000000f5000000)
  from space 43008K, 22% used [0x00000000f7900000,0x00000000f825ad68,0x00000000fa300000)
  to   space 41984K, 0% used [0x00000000f5000000,0x00000000f5000000,0x00000000f7900000)
 ParOldGen       total 193536K, used 112069K [0x0000000080000000, 0x000000008bd00000, 0x00000000d5580000)
  object space 193536K, 57% used [0x0000000080000000,0x0000000086d714d0,0x000000008bd00000)
 Metaspace       used 107046K, capacity 112814K, committed 112984K, reserved 1146880K
  class space    used 14054K, capacity 15229K, committed 15232K, reserved 1048576K
}

